Process:            87388
Version:            Traffic Server 6.2.0
System Version:     FreeBSD amd64 FreeBSD 10.3-RELEASE-p7 #0: Thu Aug 11 18:38:15 UTC 2016     root@amd64-builder.daemonology.net:/usr/obj/usr/src/sys/GENERIC 10.3-RELEASE-p7
Date:               Tue, 13 Sep 2016 19:27:54 +0200

No target signal information

No target CPU registers

Unable to retrieve backtrace: [12] Operation not supported on this platform.



Traffic Server Configuration Records:
proxy.process.ssl.total_success_handshake_count_in 0
proxy.process.http.completed_requests 1746140
proxy.process.http.total_incoming_connections 932458
proxy.process.http.total_client_connections 932458
proxy.process.http.total_client_connections_ipv4 710973
proxy.process.http.total_client_connections_ipv6 221485
proxy.process.http.total_server_connections 468896
proxy.process.http.total_parent_proxy_connections 0
proxy.process.http.avg_transactions_per_client_connection 1.896895
proxy.process.http.avg_transactions_per_server_connection 2.565098
proxy.process.http.transaction_counts.errors.pre_accept_hangups 0
proxy.process.http.transaction_totaltime.errors.pre_accept_hangups 0.000000
proxy.process.http.incoming_requests 1772488
proxy.process.http.outgoing_requests 1743767
proxy.process.http.incoming_responses 1285446
proxy.process.http.invalid_client_requests 25061
proxy.process.http.missing_host_hdr 853
proxy.process.http.get_requests 1091372
proxy.process.http.head_requests 4652
proxy.process.http.trace_requests 0
proxy.process.http.options_requests 5615
proxy.process.http.post_requests 117431
proxy.process.http.put_requests 62
proxy.process.http.push_requests 0
proxy.process.http.delete_requests 0
proxy.process.http.purge_requests 0
proxy.process.http.connect_requests 568153
proxy.process.http.extension_method_requests 732
proxy.process.http.broken_server_connections 3409
proxy.process.http.cache_lookups 0
proxy.process.http.cache_writes 0
proxy.process.http.cache_updates 0
proxy.process.http.cache_deletes 0
proxy.process.http.tunnels 1749351
proxy.process.http.throttled_proxy_only 0
proxy.process.http.icp_suggested_lookups 0
proxy.process.http.parent_proxy_transaction_time 0
proxy.process.http.user_agent_request_header_total_size 1163025962
proxy.process.http.user_agent_response_header_total_size 535088562
proxy.process.http.user_agent_request_document_total_size 3498917985
proxy.process.http.user_agent_response_document_total_size 121134759917
proxy.process.http.origin_server_request_header_total_size 1059426737
proxy.process.http.origin_server_response_header_total_size 447194977
proxy.process.http.origin_server_request_document_total_size 1400991447
proxy.process.http.origin_server_response_document_total_size 92894845342
proxy.process.http.parent_proxy_request_total_bytes 0
proxy.process.http.parent_proxy_response_total_bytes 0
proxy.process.http.pushed_response_header_total_size 0
proxy.process.http.pushed_document_total_size 0
proxy.process.http.response_document_size_100 651076
proxy.process.http.response_document_size_1K 385898
proxy.process.http.response_document_size_3K 171238
proxy.process.http.response_document_size_5K 164183
proxy.process.http.response_document_size_10K 139633
proxy.process.http.response_document_size_1M 222254
proxy.process.http.response_document_size_inf 11858
proxy.process.http.request_document_size_100 1271414
proxy.process.http.request_document_size_1K 243770
proxy.process.http.request_document_size_3K 177511
proxy.process.http.request_document_size_5K 21746
proxy.process.http.request_document_size_10K 15098
proxy.process.http.request_document_size_1M 16341
proxy.process.http.request_document_size_inf 260
proxy.process.http.user_agent_speed_bytes_per_sec_100 0
proxy.process.http.user_agent_speed_bytes_per_sec_1K 0
proxy.process.http.user_agent_speed_bytes_per_sec_10K 0
proxy.process.http.user_agent_speed_bytes_per_sec_100K 0
proxy.process.http.user_agent_speed_bytes_per_sec_1M 0
proxy.process.http.user_agent_speed_bytes_per_sec_10M 0
proxy.process.http.user_agent_speed_bytes_per_sec_100M 0
proxy.process.http.origin_server_speed_bytes_per_sec_100 1548
proxy.process.http.origin_server_speed_bytes_per_sec_1K 269
proxy.process.http.origin_server_speed_bytes_per_sec_10K 7154
proxy.process.http.origin_server_speed_bytes_per_sec_100K 3353
proxy.process.http.origin_server_speed_bytes_per_sec_1M 31579
proxy.process.http.origin_server_speed_bytes_per_sec_10M 125805
proxy.process.http.origin_server_speed_bytes_per_sec_100M 189365
proxy.process.http.total_transactions_time 36618167056035375
proxy.process.http.cache_hit_fresh 0
proxy.process.http.cache_hit_mem_fresh 0
proxy.process.http.cache_hit_revalidated 0
proxy.process.http.cache_hit_ims 0
proxy.process.http.cache_hit_stale_served 0
proxy.process.http.cache_miss_cold 12726
proxy.process.http.cache_miss_changed 0
proxy.process.http.cache_miss_client_no_cache 0
proxy.process.http.cache_miss_client_not_cacheable 1294110
proxy.process.http.cache_miss_ims 401584
proxy.process.http.cache_read_error 0
proxy.process.http.tcp_hit_count_stat 0
proxy.process.http.tcp_hit_user_agent_bytes_stat 0
proxy.process.http.tcp_hit_origin_server_bytes_stat 0
proxy.process.http.tcp_miss_count_stat 1294110
proxy.process.http.tcp_miss_user_agent_bytes_stat 122568378568
proxy.process.http.tcp_miss_origin_server_bytes_stat 120385690056
proxy.process.http.tcp_expired_miss_count_stat 0
proxy.process.http.tcp_expired_miss_user_agent_bytes_stat 0
proxy.process.http.tcp_expired_miss_origin_server_bytes_stat 0
proxy.process.http.tcp_refresh_hit_count_stat 0
proxy.process.http.tcp_refresh_hit_user_agent_bytes_stat 0
proxy.process.http.tcp_refresh_hit_origin_server_bytes_stat 0
proxy.process.http.tcp_refresh_miss_count_stat 0
proxy.process.http.tcp_refresh_miss_user_agent_bytes_stat 0
proxy.process.http.tcp_refresh_miss_origin_server_bytes_stat 0
proxy.process.http.tcp_client_refresh_count_stat 0
proxy.process.http.tcp_client_refresh_user_agent_bytes_stat 0
proxy.process.http.tcp_client_refresh_origin_server_bytes_stat 0
proxy.process.http.tcp_ims_hit_count_stat 0
proxy.process.http.tcp_ims_hit_user_agent_bytes_stat 0
proxy.process.http.tcp_ims_hit_origin_server_bytes_stat 0
proxy.process.http.tcp_ims_miss_count_stat 401584
proxy.process.http.tcp_ims_miss_user_agent_bytes_stat 1473921622
proxy.process.http.tcp_ims_miss_origin_server_bytes_stat 1465098913
proxy.process.http.err_client_abort_count_stat 11628
proxy.process.http.err_client_abort_user_agent_bytes_stat 2265139480
proxy.process.http.err_client_abort_origin_server_bytes_stat 2262382922
proxy.process.http.err_connect_fail_count_stat 12726
proxy.process.http.err_connect_fail_user_agent_bytes_stat 9733963
proxy.process.http.err_connect_fail_origin_server_bytes_stat 62224377
proxy.process.http.misc_count_stat 26092
proxy.process.http.misc_user_agent_bytes_stat 14618793
proxy.process.http.http_misc_origin_server_bytes_stat 614579
proxy.process.http.background_fill_bytes_aborted_stat 0
proxy.process.http.background_fill_bytes_completed_stat 0
proxy.process.http.cache_write_errors 0
proxy.process.http.cache_read_errors 0
proxy.process.http.100_responses 0
proxy.process.http.101_responses 0
proxy.process.http.1xx_responses 0
proxy.process.http.200_responses 772452
proxy.process.http.201_responses 579
proxy.process.http.202_responses 133
proxy.process.http.203_responses 0
proxy.process.http.204_responses 99539
proxy.process.http.205_responses 0
proxy.process.http.206_responses 5448
proxy.process.http.2xx_responses 878151
proxy.process.http.300_responses 0
proxy.process.http.301_responses 4326
proxy.process.http.302_responses 29225
proxy.process.http.303_responses 207
proxy.process.http.304_responses 288939
proxy.process.http.305_responses 0
proxy.process.http.307_responses 1081
proxy.process.http.3xx_responses 323778
proxy.process.http.400_responses 1067
proxy.process.http.401_responses 26
proxy.process.http.402_responses 0
proxy.process.http.403_responses 25441
proxy.process.http.404_responses 2206
proxy.process.http.405_responses 25
proxy.process.http.406_responses 0
proxy.process.http.407_responses 0
proxy.process.http.408_responses 2
proxy.process.http.409_responses 0
proxy.process.http.410_responses 0
proxy.process.http.411_responses 0
proxy.process.http.412_responses 71
proxy.process.http.413_responses 2
proxy.process.http.414_responses 0
proxy.process.http.415_responses 2
proxy.process.http.416_responses 5
proxy.process.http.4xx_responses 28847
proxy.process.http.500_responses 452
proxy.process.http.501_responses 8
proxy.process.http.502_responses 13191
proxy.process.http.503_responses 102
proxy.process.http.504_responses 289
proxy.process.http.505_responses 0
proxy.process.http.5xx_responses 14044
proxy.process.http.transaction_counts.hit_fresh 0
proxy.process.http.transaction_totaltime.hit_fresh 0.000000
proxy.process.http.transaction_counts.hit_fresh.process 0
proxy.process.http.transaction_totaltime.hit_fresh.process 0.000000
proxy.process.http.transaction_counts.hit_revalidated 0
proxy.process.http.transaction_totaltime.hit_revalidated 0.000000
proxy.process.http.transaction_counts.miss_cold 401584
proxy.process.http.transaction_totaltime.miss_cold 43166.832031
proxy.process.http.transaction_counts.miss_not_cacheable 1294110
proxy.process.http.transaction_totaltime.miss_not_cacheable 35982208.000000
proxy.process.http.transaction_counts.miss_changed 0
proxy.process.http.transaction_totaltime.miss_changed 0.000000
proxy.process.http.transaction_counts.miss_client_no_cache 0
proxy.process.http.transaction_totaltime.miss_client_no_cache 0.000000
proxy.process.http.transaction_counts.errors.aborts 11633
proxy.process.http.transaction_totaltime.errors.aborts 185588.859375
proxy.process.http.transaction_counts.errors.possible_aborts 0
proxy.process.http.transaction_totaltime.errors.possible_aborts 0.000000
proxy.process.http.transaction_counts.errors.connect_failed 12726
proxy.process.http.transaction_totaltime.errors.connect_failed 393411.718750
proxy.process.http.transaction_counts.errors.other 26047
proxy.process.http.transaction_totaltime.errors.other 11684.441406
proxy.process.http.transaction_counts.other.unclassified 40
proxy.process.http.transaction_totaltime.other.unclassified 1250.276978
proxy.process.http.disallowed_post_100_continue 0
proxy.process.http.total_x_redirect_count 0
proxy.process.https.incoming_requests 0
proxy.process.https.total_client_connections 0
proxy.process.http.post_body_too_large 0
proxy.process.http.milestone.ua_begin 375
proxy.process.http.milestone.ua_first_read 1067
proxy.process.http.milestone.ua_read_header_done 311665
proxy.process.http.milestone.ua_begin_write 0
proxy.process.http.milestone.ua_close 36616809685
proxy.process.http.milestone.server_first_connect 14137450
proxy.process.http.milestone.server_connect 136700933
proxy.process.http.milestone.server_connect_end 454773403
proxy.process.http.milestone.server_begin_write 156052648
proxy.process.http.milestone.server_first_read 236578136
proxy.process.http.milestone.server_read_header_done 236358015
proxy.process.http.milestone.server_close 365080234
proxy.process.http.milestone.cache_open_read_begin 0
proxy.process.http.milestone.cache_open_read_end 0
proxy.process.http.milestone.cache_open_write_begin 0
proxy.process.http.milestone.cache_open_write_end 0
proxy.process.http.milestone.dns_lookup_begin 283624
proxy.process.http.milestone.dns_lookup_end 16162942
proxy.process.http.milestone.sm_start 0
proxy.process.http.milestone.sm_finish 36617309755
proxy.process.net.net_handler_run 72138
proxy.process.net.read_bytes 130238724155
proxy.process.net.write_bytes 130174446127
proxy.process.net.calls_to_readfromnet 0
proxy.process.net.calls_to_readfromnet_afterpoll 0
proxy.process.net.calls_to_read 1252
proxy.process.net.calls_to_read_nodata 377
proxy.process.net.calls_to_writetonet 401
proxy.process.net.calls_to_writetonet_afterpoll 401
proxy.process.net.calls_to_write 395
proxy.process.net.calls_to_write_nodata 0
proxy.process.socks.connections_successful 0
proxy.process.socks.connections_unsuccessful 0
proxy.process.net.inactivity_cop_lock_acquire_failure 0
proxy.process.cache.read_per_sec 0.000000
proxy.process.cache.write_per_sec 0.000000
proxy.process.cache.KB_read_per_sec 0.000000
proxy.process.cache.KB_write_per_sec 0.000000
proxy.process.hostdb.total_entries 135000
proxy.process.hostdb.total_lookups 1747396
proxy.process.hostdb.total_hits 1522139
proxy.process.hostdb.ttl 0.000000
proxy.process.hostdb.ttl_expires 538030
proxy.process.hostdb.re_dns_on_reload 0
proxy.process.hostdb.bytes 45375488
proxy.process.dns.total_dns_lookups 4103525
proxy.process.dns.lookup_avg_time 0
proxy.process.dns.lookup_successes 230120
proxy.process.dns.fail_avg_time 0
proxy.process.dns.lookup_failures 9237
proxy.process.dns.retries 1067
proxy.process.dns.max_retries_exceeded 0
proxy.process.http2.total_client_streams 0
proxy.process.http2.total_transactions_time 0
proxy.process.http2.total_client_connections 0
proxy.process.http2.connection_errors 0
proxy.process.http2.stream_errors 0
proxy.process.http2.session_die_default 0
proxy.process.http2.session_die_other 0
proxy.process.http2.session_die_eos 0
proxy.process.http2.session_die_active 0
proxy.process.http2.session_die_inactive 0
proxy.process.http2.session_die_error 0
proxy.process.log.event_log_error_ok 42071
proxy.process.log.event_log_error_skip 0
proxy.process.log.event_log_error_aggr 0
proxy.process.log.event_log_error_full 0
proxy.process.log.event_log_error_fail 6
proxy.process.log.event_log_access_ok 1746121
proxy.process.log.event_log_access_skip 0
proxy.process.log.event_log_access_aggr 0
proxy.process.log.event_log_access_full 0
proxy.process.log.event_log_access_fail 19
proxy.process.log.num_sent_to_network 0
proxy.process.log.num_lost_before_sent_to_network 0
proxy.process.log.num_received_from_network 0
proxy.process.log.num_flush_to_disk 3534175
proxy.process.log.num_lost_before_flush_to_disk 0
proxy.process.log.bytes_lost_before_preproc 0
proxy.process.log.bytes_sent_to_network 0
proxy.process.log.bytes_lost_before_sent_to_network 0
proxy.process.log.bytes_received_from_network 0
proxy.process.log.bytes_flush_to_disk 724070317
proxy.process.log.bytes_lost_before_flush_to_disk 0
proxy.process.log.bytes_written_to_disk 724070317
proxy.process.log.bytes_lost_before_written_to_disk 0
proxy.process.ssl.user_agent_other_errors 0
proxy.process.ssl.user_agent_expired_cert 0
proxy.process.ssl.user_agent_revoked_cert 0
proxy.process.ssl.user_agent_unknown_cert 0
proxy.process.ssl.user_agent_cert_verify_failed 0
proxy.process.ssl.user_agent_bad_cert 0
proxy.process.ssl.user_agent_decryption_failed 0
proxy.process.ssl.user_agent_wrong_version 0
proxy.process.ssl.user_agent_unknown_ca 0
proxy.process.ssl.origin_server_other_errors 0
proxy.process.ssl.origin_server_expired_cert 0
proxy.process.ssl.origin_server_revoked_cert 0
proxy.process.ssl.origin_server_unknown_cert 0
proxy.process.ssl.origin_server_cert_verify_failed 0
proxy.process.ssl.origin_server_bad_cert 0
proxy.process.ssl.origin_server_decryption_failed 0
proxy.process.ssl.origin_server_wrong_version 0
proxy.process.ssl.origin_server_unknown_ca 0
proxy.process.ssl.total_handshake_time 0
proxy.process.ssl.total_success_handshake_count_out 1075
proxy.process.ssl.total_tickets_created 0
proxy.process.ssl.total_tickets_verified 0
proxy.process.ssl.total_tickets_not_found 0
proxy.process.ssl.total_tickets_renewed 0
proxy.process.ssl.total_tickets_verified_old_key 0
proxy.process.ssl.total_ticket_keys_renewed 0
proxy.process.ssl.ssl_session_cache_hit 0
proxy.process.ssl.ssl_session_cache_new_session 0
proxy.process.ssl.ssl_session_cache_miss 0
proxy.process.ssl.ssl_session_cache_eviction 0
proxy.process.ssl.ssl_session_cache_lock_contention 0
proxy.process.ssl.ssl_error_want_write 0
proxy.process.ssl.ssl_error_want_read 8283
proxy.process.ssl.ssl_error_want_x509_lookup 0
proxy.process.ssl.ssl_error_syscall 2
proxy.process.ssl.ssl_error_read_eos 0
proxy.process.ssl.ssl_error_zero_return 1072
proxy.process.ssl.ssl_error_ssl 0
proxy.process.ssl.ssl_sni_name_set_failure 0
proxy.process.ssl.ssl_ocsp_revoked_cert_stat 0
proxy.process.ssl.ssl_ocsp_unknown_cert_stat 0
proxy.config.stack_dump_enabled 0
proxy.config.exec_thread.autoconfig 1
proxy.config.exec_thread.autoconfig.scale 1.500000
proxy.config.exec_thread.limit 2
proxy.config.ssl.number.threads -1
proxy.config.accept_threads 1
proxy.config.task_threads 2
proxy.config.cache.threads_per_disk 8
proxy.config.exec_thread.affinity 1
proxy.config.http.server_ports 8080 8080:ipv6
proxy.config.http.connect_ports 443 563 8443 8008
proxy.config.http2.enabled 0
proxy.config.http.insert_request_via_str 1
proxy.config.http.insert_response_via_str 0
proxy.config.http.parent_proxy_routing_enable 0
proxy.config.http.parent_proxy.retry_time 300
proxy.config.http.parent_proxy.connect_attempts_timeout 30
proxy.config.http.forward.proxy_auth_to_parent 0
proxy.config.http.uncacheable_requests_bypass_parent 1
proxy.config.http.keep_alive_no_activity_timeout_in 115
proxy.config.http.keep_alive_no_activity_timeout_out 120
proxy.config.http.transaction_no_activity_timeout_in 120
proxy.config.http.transaction_no_activity_timeout_out 120
proxy.config.http.transaction_active_timeout_in 0
proxy.config.http.transaction_active_timeout_out 0
proxy.config.http.accept_no_activity_timeout 120
proxy.config.net.default_inactivity_timeout 86400
proxy.config.http.connect_attempts_max_retries 3
proxy.config.http.connect_attempts_max_retries_dead_server 1
proxy.config.http.connect_attempts_rr_retries 3
proxy.config.http.connect_attempts_timeout 30
proxy.config.http.post_connect_attempts_timeout 1800
proxy.config.http.down_server.cache_time 60
proxy.config.http.down_server.abort_threshold 10
proxy.config.http.negative_caching_enabled 0
proxy.config.http.negative_caching_lifetime 1800
proxy.config.http.anonymize_remove_client_ip 1
proxy.config.http.anonymize_insert_client_ip 0
proxy.config.http.insert_squid_x_forwarded_for 0
proxy.config.http.push_method_enabled 0
proxy.config.http.cache.http 0
proxy.config.http.cache.ignore_client_cc_max_age 1
proxy.config.http.normalize_ae_gzip 1
proxy.config.http.cache.cache_responses_to_cookies 1
proxy.config.http.cache.cache_urls_that_look_dynamic 0
proxy.config.http.cache.when_to_revalidate 0
proxy.config.http.cache.required_headers 2
proxy.config.http.cache.heuristic_min_lifetime 3600
proxy.config.http.cache.heuristic_max_lifetime 86400
proxy.config.http.cache.heuristic_lm_factor 0.100000
proxy.config.net.connections_throttle 30000
proxy.config.net.max_connections_in 30000
proxy.config.net.max_connections_active_in 10000
proxy.config.net.sock_option_flag_in 3
proxy.config.net.sock_option_flag_out 3
proxy.config.dns.search_default_domains 1
proxy.config.cache.ram_cache.size 0
proxy.config.cache.ram_cache_cutoff 4194304
proxy.config.cache.limits.http.max_alts 5
proxy.config.cache.max_doc_size 0
proxy.config.cache.min_average_object_size 8000
proxy.config.log.logging_enabled 3
proxy.config.log.max_space_mb_for_logs 75000
proxy.config.log.max_space_mb_headroom 1000
proxy.config.log.rolling_enabled 1
proxy.config.log.rolling_interval_sec 86400
proxy.config.log.rolling_size_mb 10
proxy.config.log.auto_delete_rolled_files 1
proxy.config.log.periodic_tasks_interval 5
proxy.config.log.logfile_dir /var/log/trafficserver
proxy.config.url_remap.remap_required 0
proxy.config.url_remap.pristine_host_hdr 0
proxy.config.reverse_proxy.enabled 0
proxy.config.ssl.client.verify.server 0
proxy.config.ssl.client.CA.cert.filename NULL
proxy.config.ssl.server.cipher_suite ECDHE-ECDSA-AES256-GCM-SHA384:ECDHE-RSA-AES256-GCM-SHA384:ECDHE-ECDSA-AES128-GCM-SHA256:ECDHE-RSA-AES128-GCM-SHA256:DHE-RSA-AES256-GCM-SHA384:DHE-DSS-AES256-GCM-SHA384:DHE-RSA-AES128-GCM-SHA256:DHE-DSS-AES128-GCM-SHA256:ECDHE-ECDSA-AES256-SHA384:ECDHE-RSA-AES256-SHA384:ECDHE-ECDSA-AES256-SHA:ECDHE-RSA-AES256-SHA:ECDHE-ECDSA-AES128-SHA256:ECDHE-RSA-AES128-SHA256:ECDHE-ECDSA-AES128-SHA:ECDHE-RSA-AES128-SHA:DHE-RSA-AES256-SHA256:DHE-DSS-AES256-SHA256:DHE-RSA-AES128-SHA256:DHE-DSS-AES128-SHA256:DHE-RSA-AES256-SHA:DHE-DSS-AES256-SHA:DHE-RSA-AES128-SHA:DHE-DSS-AES128-SHA:AES256-GCM-SHA384:AES128-GCM-SHA256:AES256-SHA256:AES128-SHA256:AES256-SHA:AES128-SHA:DES-CBC3-SHA:!aNULL:!eNULL:!EXPORT:!DES:!RC4:!MD5:!PSK:!aECDH:!EDH-DSS-DES-CBC3-SHA:!EDH-RSA-DES-CBC3-SHA:!KRB5-DES-CBC3-SHA
proxy.config.icp.enabled 0
proxy.config.diags.debug.enabled 0
proxy.config.diags.debug.tags http.*|dns.*
proxy.config.dump_mem_info_frequency 900
proxy.config.http.slow.log.threshold 0
proxy.local.cluster.type 3
proxy.config.cluster.ethernet_interface lo0
proxy.config.cluster.cluster_port 8086
proxy.config.cluster.rsport 8088
proxy.config.cluster.mcport 8089
proxy.config.cluster.mc_group_addr 224.0.1.37
proxy.config.body_factory.template_sets_dir etc/trafficserver/body_factory
proxy.config.url_remap.filename remap.config
proxy.config.log.xml_config_file logs_xml.config
proxy.config.product_company Apache Software Foundation
proxy.config.product_vendor Apache
proxy.config.product_name Traffic Server
proxy.config.proxy_name portos.sr.se
proxy.config.bin_path bin
proxy.config.proxy_binary traffic_server
proxy.config.manager_binary traffic_manager
proxy.config.proxy_binary_opts -M
proxy.config.env_prep NULL
proxy.config.config_dir etc/trafficserver
proxy.config.local_state_dir /var/run/trafficserver
proxy.config.alarm_email www
proxy.config.syslog_facility LOG_DAEMON
proxy.config.core_limit -1
proxy.config.crash_log_helper NULL
proxy.config.mlock_enabled 0
proxy.config.cop.core_signal 0
proxy.config.cop.linux_min_swapfree_kb 0
proxy.config.cop.linux_min_memfree_kb 0
proxy.config.cop.init_sleep_time 0
proxy.config.http_ui_enabled 0
proxy.config.cache.max_disk_errors 5
proxy.config.output.logfile traffic.out
proxy.config.output.logfile.rolling_enabled 0
proxy.config.output.logfile.rolling_interval_sec 3600
proxy.config.output.logfile.rolling_size_mb 100
proxy.config.snapshot_dir snapshots
proxy.config.res_track_memory 0
proxy.config.system.mmap_max 2097152
proxy.config.system.file_max_pct 0.900000
proxy.config.thread.default.stacksize 1048576
proxy.config.restart.active_client_threshold 0
proxy.config.srv_enabled 0
proxy.config.http.cache.ignore_accept_mismatch 2
proxy.config.http.cache.ignore_accept_language_mismatch 2
proxy.config.http.cache.ignore_accept_encoding_mismatch 2
proxy.config.http.cache.ignore_accept_charset_mismatch 2
proxy.config.http.websocket.max_number_of_connections -1
proxy.config.http.redirection_enabled 0
proxy.config.http.number_of_redirections 1
proxy.config.http.redirect_use_orig_cache_key 0
proxy.config.http.redirect_host_no_port 1
proxy.config.http.post_copy_size 2048
proxy.config.diags.action.enabled 0
proxy.config.diags.action.tags NULL
proxy.config.diags.show_location 1
proxy.config.diags.output.diag E
proxy.config.diags.output.debug E
proxy.config.diags.output.status L
proxy.config.diags.output.note L
proxy.config.diags.output.warning L
proxy.config.diags.output.error SL
proxy.config.diags.output.fatal SL
proxy.config.diags.output.alert L
proxy.config.diags.output.emergency SL
proxy.config.diags.logfile.rolling_enabled 0
proxy.config.diags.logfile.rolling_interval_sec 3600
proxy.config.diags.logfile.rolling_size_mb 10
proxy.config.lm.pserver_timeout_secs 1
proxy.config.lm.pserver_timeout_msecs 0
proxy.config.cluster.delta_thresh 30
proxy.config.cluster.peer_timeout 30
proxy.config.cluster.mc_send_interval 2
proxy.config.cluster.mc_poll_timeout 5
proxy.config.cluster.startup_timeout 10
proxy.config.cluster.mc_ttl 1
proxy.config.cluster.log_bogus_mc_msgs 1
proxy.config.admin.synthetic_port 8083
proxy.config.admin.autoconf.localhost_only 1
proxy.config.admin.admin_user admin
proxy.config.admin.number_config_bak 3
proxy.config.admin.user_id www
proxy.config.admin.cli_path cli
proxy.config.admin.api.restricted 0
proxy.config.udp.free_cancelled_pkts_sec 10
proxy.config.udp.periodic_cleanup 10
proxy.config.udp.send_retries 0
proxy.config.udp.threads 0
proxy.config.process_manager.timeout 5
proxy.config.process_manager.enable_mgmt_port 1
proxy.config.process_manager.mgmt_port 8084
proxy.config.vmap.enabled 0
proxy.config.vmap.addr_file vaddrs.config
proxy.config.vmap.down_up_timeout 10
proxy.config.ping.npacks_to_trans 5
proxy.config.ping.timeout_sec 1
proxy.config.alarm.bin example_alarm_bin.sh
proxy.config.alarm.abs_path NULL
proxy.config.alarm.script_runtime 5
proxy.config.http.congestion_control.enabled 0
proxy.config.http.congestion_control.localtime 0
proxy.config.http.congestion_control.filename congestion.config
proxy.config.http.congestion_control.default.max_connection_failures 5
proxy.config.http.congestion_control.default.fail_window 120
proxy.config.http.congestion_control.default.proxy_retry_interval 10
proxy.config.http.congestion_control.default.client_wait_interval 300
proxy.config.http.congestion_control.default.wait_interval_alpha 30
proxy.config.http.congestion_control.default.live_os_conn_timeout 60
proxy.config.http.congestion_control.default.live_os_conn_retries 2
proxy.config.http.congestion_control.default.dead_os_conn_timeout 15
proxy.config.http.congestion_control.default.dead_os_conn_retries 1
proxy.config.http.congestion_control.default.max_connection -1
proxy.config.http.congestion_control.default.error_page congestion#retryAfter
proxy.config.http.congestion_control.default.congestion_scheme per_ip
proxy.config.header.parse.no_host_url_redirect NULL
proxy.config.http.parse.allow_non_http 1
proxy.config.http.enabled 1
proxy.config.http.wait_for_cache 0
proxy.config.http.request_via_str ApacheTrafficServer/6.2.0
proxy.config.http.response_via_str ApacheTrafficServer/6.2.0
proxy.config.http.response_server_enabled 1
proxy.config.http.response_server_str ATS/6.2.0
proxy.config.http.enable_url_expandomatic 0
proxy.config.http.no_dns_just_forward_to_parent 0
proxy.config.http.no_origin_server_dns 0
proxy.config.http.use_client_target_addr 0
proxy.config.http.use_client_source_port 0
proxy.config.http.keep_alive_enabled_in 1
proxy.config.http.keep_alive_enabled_out 1
proxy.config.http.keep_alive_post_out 1
proxy.config.http.chunking_enabled 1
proxy.config.http.chunking.size 4096
proxy.config.http.flow_control.enabled 0
proxy.config.http.flow_control.high_water 0
proxy.config.http.flow_control.low_water 0
proxy.config.http.post.check.content_length.enabled 1
proxy.config.http.send_http11_requests 1
proxy.config.http.send_100_continue_response 0
proxy.config.http.disallow_post_100_continue 0
proxy.config.http.server_session_sharing.match both
proxy.config.http.server_session_sharing.pool thread
proxy.config.http.record_heartbeat 0
proxy.config.http.default_buffer_size 8
proxy.config.http.default_buffer_water_mark 32768
proxy.config.http.enable_http_info 0
proxy.config.http.server_max_connections 0
proxy.config.http.server_tcp_init_cwnd 0
proxy.config.http.origin_max_connections 0
proxy.config.http.origin_max_connections_queue -1
proxy.config.http.origin_min_keep_alive_connections 0
proxy.config.http.attach_server_session_to_client 0
proxy.config.http.referer_filter 0
proxy.config.http.referer_format_redirect 0
proxy.config.http.referer_default_redirect http://www.example.com/
proxy.config.http.auth_server_session_private 1
proxy.config.http.max_post_size 0
proxy.config.http.parent_proxies NULL
proxy.config.http.parent_proxy.file parent.config
proxy.config.http.parent_proxy.fail_threshold 10
proxy.config.http.parent_proxy.total_connect_attempts 4
proxy.config.http.parent_proxy.per_parent_connect_attempts 2
proxy.config.http.doc_in_cache_skip_dns 1
proxy.config.websocket.no_activity_timeout 600
proxy.config.websocket.active_timeout 3600
proxy.config.http.background_fill_active_timeout 0
proxy.config.http.background_fill_completed_threshold 0.000000
proxy.config.http.negative_revalidating_enabled 0
proxy.config.http.negative_revalidating_lifetime 1800
proxy.config.http.anonymize_remove_from 0
proxy.config.http.anonymize_remove_referer 0
proxy.config.http.anonymize_remove_user_agent 0
proxy.config.http.anonymize_remove_cookie 0
proxy.config.http.anonymize_other_header_list NULL
proxy.config.http.insert_age_in_response 1
proxy.config.http.enable_http_stats 1
proxy.config.http.global_user_agent_header NULL
proxy.config.http.request_header_max_size 131072
proxy.config.http.response_header_max_size 131072
proxy.config.http.cache.generation -1
proxy.config.http.cache.allow_empty_doc 1
proxy.config.http.cache.cluster_cache_local 0
proxy.config.http.cache.ignore_client_no_cache 1
proxy.config.http.cache.ims_on_client_no_cache 1
proxy.config.http.cache.ignore_server_no_cache 0
proxy.config.http.cache.ignore_authentication 0
proxy.config.http.cache.enable_default_vary_headers 0
proxy.config.http.cache.post_method 0
proxy.config.http.cache.max_open_read_retries -1
proxy.config.http.cache.open_read_retry_time 10
proxy.config.http.cache.max_open_write_retries 1
proxy.config.http.cache.open_write_fail_action 0
proxy.config.http.cache.max_stale_age 604800
proxy.config.http.cache.range.lookup 1
proxy.config.http.cache.range.write 0
proxy.config.http.cache.guaranteed_min_lifetime 0
proxy.config.http.cache.guaranteed_max_lifetime 31536000
proxy.config.http.cache.fuzz.time 240
proxy.config.http.cache.fuzz.min_time 0
proxy.config.http.cache.fuzz.probability 0.005000
proxy.config.http.cache.vary_default_text NULL
proxy.config.http.cache.vary_default_images NULL
proxy.config.http.cache.vary_default_other NULL
proxy.config.http.errors.log_error_pages 1
proxy.config.body_factory.enable_customizations 1
proxy.config.body_factory.enable_logging 0
proxy.config.body_factory.response_suppression_mode 0
proxy.config.body_factory.template_base NONE
proxy.config.socks.socks_needed 0
proxy.config.socks.socks_version 4
proxy.config.socks.socks_config_file socks.config
proxy.config.socks.socks_timeout 100
proxy.config.socks.server_connect_timeout 10
proxy.config.socks.per_server_connection_attempts 1
proxy.config.socks.connection_attempts 4
proxy.config.socks.server_retry_timeout 300
proxy.config.socks.default_servers 
proxy.config.socks.server_retry_time 300
proxy.config.socks.server_fail_threshold 2
proxy.config.socks.accept_enabled 0
proxy.config.socks.accept_port 1080
proxy.config.socks.http_port 80
proxy.config.io.max_buffer_size 32768
proxy.config.net.listen_backlog -1
proxy.config.net.defer_accept 1
proxy.config.net.sock_recv_buffer_size_in 0
proxy.config.net.sock_send_buffer_size_in 0
proxy.config.net.sock_packet_mark_in 0
proxy.config.net.sock_packet_tos_in 0
proxy.config.net.sock_recv_buffer_size_out 0
proxy.config.net.sock_send_buffer_size_out 0
proxy.config.net.sock_packet_mark_out 0
proxy.config.net.sock_packet_tos_out 0
proxy.config.net.sock_mss_in 0
proxy.config.net.poll_timeout 10
proxy.config.net.inactivity_check_frequency 1
proxy.config.net.event_period 10
proxy.config.net.accept_period 10
proxy.config.net.retry_delay 10
proxy.config.net.throttle_delay 50
proxy.config.net.sock_option_tfo_queue_size_in 10000
proxy.config.net.tcp_congestion_control_in 
proxy.config.net.tcp_congestion_control_out 
proxy.config.cluster.threads 1
proxy.config.cluster.cluster_configuration cluster.config
proxy.config.cluster.enable_monitor 0
proxy.config.cluster.monitor_interval_secs 1
proxy.config.cluster.send_buffer_size 10485760
proxy.config.cluster.receive_buffer_size 10485760
proxy.config.cluster.sock_option_flag 0
proxy.config.cluster.sock_packet_mark 0
proxy.config.cluster.sock_packet_tos 0
proxy.config.cluster.rpc_cache_cluster 0
proxy.config.cluster.load_monitor_enabled 1
proxy.config.cluster.ping_send_interval_msecs 100
proxy.config.cluster.ping_response_buckets 100
proxy.config.cluster.msecs_per_ping_response_bucket 50
proxy.config.cluster.ping_latency_threshold_msecs 500
proxy.config.cluster.load_compute_interval_msecs 5000
proxy.config.cluster.periodic_timer_interval_msecs 100
proxy.config.cluster.ping_history_buf_length 120
proxy.config.cluster.cluster_load_clear_duration 24
proxy.config.cluster.cluster_load_exceed_duration 4
proxy.config.cache.hit_evacuate_percent 0
proxy.config.cache.hit_evacuate_size_limit 0
proxy.config.cache.storage_filename storage.config
proxy.config.cache.control.filename cache.config
proxy.config.cache.ip_allow.filename ip_allow.config
proxy.config.cache.hosting_filename hosting.config
proxy.config.cache.volume_filename volume.config
proxy.config.cache.permit.pinning 0
proxy.config.cache.ram_cache.algorithm 0
proxy.config.cache.ram_cache.use_seen_filter 0
proxy.config.cache.ram_cache.compress 0
proxy.config.cache.ram_cache.compress_percent 90
proxy.config.cache.dir.sync_frequency 60
proxy.config.cache.hostdb.disable_reverse_lookup 0
proxy.config.cache.select_alternate 1
proxy.config.cache.force_sector_size 0
proxy.config.cache.target_fragment_size 1048576
proxy.config.cache.agg_write_backlog 5242880
proxy.config.cache.enable_checksum 0
proxy.config.cache.alt_rewrite_max_size 4096
proxy.config.cache.enable_read_while_writer 1
proxy.config.cache.mutex_retry_delay 2
proxy.config.cache.read_while_writer.max_retries 10
proxy.config.cache.read_while_writer_retry.delay 50
proxy.config.dns.lookup_timeout 20
proxy.config.dns.retries 5
proxy.config.dns.failover_number 5
proxy.config.dns.failover_period 60
proxy.config.dns.max_dns_in_flight 2048
proxy.config.dns.validate_query_name 0
proxy.config.dns.splitDNS.enabled 0
proxy.config.dns.splitdns.filename splitdns.config
proxy.config.dns.url_expansions NULL
proxy.config.dns.nameservers NULL
proxy.config.dns.local_ipv6 NULL
proxy.config.dns.local_ipv4 NULL
proxy.config.dns.resolv_conf /etc/resolv.conf
proxy.config.dns.round_robin_nameservers 1
proxy.config.dns.dedicated_thread 0
proxy.config.hostdb.ip_resolve NULL
proxy.config.hostdb 1
proxy.config.hostdb.filename host.db
proxy.config.hostdb.size 120000
proxy.config.hostdb.storage_path /var/cache/trafficserver
proxy.config.hostdb.storage_size 45375488
proxy.config.hostdb.ttl_mode 0
proxy.config.hostdb.lookup_timeout 30
proxy.config.hostdb.timeout 1440
proxy.config.hostdb.verify_after 720
proxy.config.hostdb.fail.timeout 0
proxy.config.hostdb.re_dns_on_reload 0
proxy.config.hostdb.serve_stale_for 0
proxy.config.hostdb.migrate_on_demand 0
proxy.config.hostdb.cluster 0
proxy.config.hostdb.cluster.round_robin 0
proxy.config.hostdb.strict_round_robin 0
proxy.config.hostdb.timed_round_robin 0
proxy.config.cache.hostdb.sync_frequency 120
proxy.config.hostdb.host_file.path NULL
proxy.config.hostdb.host_file.interval 86400
proxy.config.disable_configuration_modification 0
proxy.config.config_update_interval_ms 3000
proxy.config.raw_stat_sync_interval_ms 5000
proxy.config.remote_sync_interval_ms 5000
proxy.config.stats.enable_lua 0
proxy.config.log.log_buffer_size 9216
proxy.config.log.max_secs_per_buffer 5
proxy.config.log.max_space_mb_for_orphan_logs 25
proxy.config.log.hostname localhost
proxy.config.log.logfile_perm rw-r--r--
proxy.config.log.custom_logs_enabled 1
proxy.config.log.hosts_config_file log_hosts.config
proxy.config.log.collation_host NULL
proxy.config.log.collation_port 8085
proxy.config.log.collation_secret foobar
proxy.config.log.collation_host_tagged 0
proxy.config.log.collation_retry_sec 5
proxy.config.log.collation_max_send_buffers 16
proxy.config.log.collation_preproc_threads 1
proxy.config.log.rolling_offset_hr 0
proxy.config.log.sampling_frequency 1
proxy.config.log.space_used_frequency 2
proxy.config.log.file_stat_frequency 32
proxy.config.log.ascii_buffer_size 36864
proxy.config.log.max_line_size 9216
proxy.config.ssl.enabled 0
proxy.config.ssl.SSLv2 0
proxy.config.ssl.SSLv3 0
proxy.config.ssl.TLSv1 1
proxy.config.ssl.TLSv1_1 1
proxy.config.ssl.TLSv1_2 1
proxy.config.ssl.client.SSLv2 0
proxy.config.ssl.client.SSLv3 1
proxy.config.ssl.client.TLSv1 1
proxy.config.ssl.client.TLSv1_1 1
proxy.config.ssl.client.TLSv1_2 1
proxy.config.ssl.compression 0
proxy.config.ssl.client.cipher_suite NULL
proxy.config.ssl.server.honor_cipher_order 1
proxy.config.ssl.client.certification_level 0
proxy.config.ssl.server.cert.path etc/trafficserver
proxy.config.ssl.server.cert_chain.filename NULL
proxy.config.ssl.server.multicert.filename ssl_multicert.config
proxy.config.ssl.server.multicert.exit_on_load_fail 0
proxy.config.ssl.server.ticket_key.filename ssl_ticket.key
proxy.config.ssl.server.private_key.path etc/trafficserver
proxy.config.ssl.CA.cert.filename NULL
proxy.config.ssl.CA.cert.path etc/trafficserver
proxy.config.ssl.client.cert.filename NULL
proxy.config.ssl.client.cert.path etc/trafficserver
proxy.config.ssl.client.private_key.filename NULL
proxy.config.ssl.client.private_key.path etc/trafficserver
proxy.config.ssl.client.CA.cert.path etc/trafficserver
proxy.config.ssl.session_cache 2
proxy.config.ssl.session_cache.size 102400
proxy.config.ssl.session_cache.num_buckets 256
proxy.config.ssl.session_cache.skip_cache_on_bucket_contention 0
proxy.config.ssl.max_record_size 0
proxy.config.ssl.session_cache.timeout 0
proxy.config.ssl.session_cache.auto_clear 1
proxy.config.ssl.hsts_max_age -1
proxy.config.ssl.hsts_include_subdomains 0
proxy.config.ssl.allow_client_renegotiation 0
proxy.config.ssl.server.dhparams_file NULL
proxy.config.ssl.handshake_timeout_in 0
proxy.config.ssl.wire_trace_enabled 0
proxy.config.ssl.wire_trace_addr NULL
proxy.config.ssl.wire_trace_percentage 0
proxy.config.ssl.wire_trace_server_name NULL
proxy.config.ssl.ocsp.enabled 0
proxy.config.ssl.ocsp.cache_timeout 3600
proxy.config.ssl.ocsp.request_timeout 10
proxy.config.ssl.ocsp.update_period 60
proxy.config.icp.stale_icp_enabled 0
proxy.config.icp.icp_interface NULL
proxy.config.icp.icp_port 3130
proxy.config.icp.multicast_enabled 0
proxy.config.icp.query_timeout 2
proxy.config.icp.icp_configuration icp.config
proxy.config.icp.lookup_local 0
proxy.config.icp.reply_to_unknown_peer 0
proxy.config.icp.default_reply_port 0
proxy.config.ssl.cert.load_elevated 0
proxy.config.wccp.addr 
proxy.config.wccp.services 
proxy.config.plugin.plugin_dir libexec/trafficserver
proxy.config.plugin.load_elevated 0
proxy.node.num_processes 0
proxy.node.hostname_FQ portos.sr.se
proxy.node.hostname portos
proxy.node.restarts.manager.start_time 1473745554
proxy.node.restarts.proxy.start_time 1473745556
proxy.node.restarts.proxy.cache_ready_time 1473745559
proxy.node.restarts.proxy.stop_time 0
proxy.node.restarts.proxy.restart_count 1
proxy.node.version.manager.short 6.2.0
proxy.node.version.manager.long Apache Traffic Server - traffic_manager - 6.2.0 - (build # 090722 on Sep  7 2016 at 22:23:58)
proxy.node.version.manager.build_number 090722
proxy.node.version.manager.build_time 22:23:58
proxy.node.version.manager.build_date Sep  7 2016
proxy.node.version.manager.build_machine portos.sr.se
proxy.node.version.manager.build_person root
proxy.node.bandwidth_hit_ratio 0.241660
proxy.node.bandwidth_hit_ratio_int_pct 270756640
proxy.node.hostdb.hit_ratio 0.871090
proxy.node.hostdb.hit_ratio_int_pct 975972096
proxy.node.proxy_running 1
proxy.node.cache.percent_free 1.000000
proxy.node.cache_hit_ratio 0.000000
proxy.node.cache_hit_ratio_int_pct 0
proxy.node.cache_hit_ratio_avg_10s_int_pct 0
proxy.node.cache_hit_mem_ratio 0.000000
proxy.node.cache_hit_mem_ratio_int_pct 0
proxy.node.cache_hit_mem_ratio_avg_10s_int_pct 0
proxy.node.bandwidth_hit_ratio_avg_10s_int_pct -478037
proxy.node.bandwidth_hit_ratio_avg_10s -0.000427
proxy.node.http.cache_hit_fresh_avg_10s 0.000000
proxy.node.http.cache_hit_mem_fresh_avg_10s 0.000000
proxy.node.http.cache_hit_revalidated_avg_10s 0.000000
proxy.node.http.cache_hit_ims_avg_10s 0.000000
proxy.node.http.cache_hit_stale_served_avg_10s 0.000000
proxy.node.http.cache_miss_cold_avg_10s 0.000000
proxy.node.http.cache_miss_changed_avg_10s 0.000000
proxy.node.http.cache_miss_not_cacheable_avg_10s 0.000000
proxy.node.http.cache_miss_client_no_cache_avg_10s 0.000000
proxy.node.http.cache_miss_ims_avg_10s 0.000000
proxy.node.http.cache_read_error_avg_10s 0.000000
proxy.node.cache_total_hits_avg_10s 0.000000
proxy.node.cache_total_hits_mem_avg_10s 0.000000
proxy.node.cache_total_misses_avg_10s 0.000000
proxy.node.cache_hit_ratio_avg_10s 0.000000
proxy.node.cache_hit_mem_ratio_avg_10s 0.000000
proxy.node.hostdb.total_lookups_avg_10s 5.000000
proxy.node.hostdb.total_hits_avg_10s 3.000000
proxy.node.hostdb.hit_ratio_avg_10s 0.600000
proxy.node.http.transaction_counts_avg_10s.hit_fresh 0.000000
proxy.node.http.transaction_counts_avg_10s.hit_revalidated 0.000000
proxy.node.http.transaction_counts_avg_10s.miss_cold 0.000000
proxy.node.http.transaction_counts_avg_10s.miss_not_cacheable 5.000000
proxy.node.http.transaction_counts_avg_10s.miss_changed 0.000000
proxy.node.http.transaction_counts_avg_10s.miss_client_no_cache 0.000000
proxy.node.http.transaction_counts_avg_10s.errors.connect_failed 0.000000
proxy.node.http.transaction_counts_avg_10s.errors.aborts 0.000000
proxy.node.http.transaction_counts_avg_10s.errors.possible_aborts 0.000000
proxy.node.http.transaction_counts_avg_10s.errors.pre_accept_hangups 0.000000
proxy.node.http.transaction_counts_avg_10s.errors.early_hangups 0.000000
proxy.node.http.transaction_counts_avg_10s.errors.empty_hangups 0.000000
proxy.node.http.transaction_counts_avg_10s.errors.other 0.000000
proxy.node.http.transaction_counts_avg_10s.other.unclassified 0.000000
proxy.node.http.transaction_frac_avg_10s.hit_fresh 0.000000
proxy.node.http.transaction_frac_avg_10s.hit_revalidated 0.000000
proxy.node.http.transaction_frac_avg_10s.miss_cold 0.000000
proxy.node.http.transaction_frac_avg_10s.miss_not_cacheable 1.000000
proxy.node.http.transaction_frac_avg_10s.miss_changed 0.000000
proxy.node.http.transaction_frac_avg_10s.miss_client_no_cache 0.000000
proxy.node.http.transaction_frac_avg_10s.errors.connect_failed 0.000000
proxy.node.http.transaction_frac_avg_10s.errors.aborts 0.000000
proxy.node.http.transaction_frac_avg_10s.errors.possible_aborts 0.000000
proxy.node.http.transaction_frac_avg_10s.errors.pre_accept_hangups 0.000000
proxy.node.http.transaction_frac_avg_10s.errors.early_hangups 0.000000
proxy.node.http.transaction_frac_avg_10s.errors.empty_hangups 0.000000
proxy.node.http.transaction_frac_avg_10s.errors.other 0.000000
proxy.node.http.transaction_frac_avg_10s.other.unclassified 0.000000
proxy.node.http.transaction_frac_avg_10s.hit_fresh_int_pct 0
proxy.node.http.transaction_frac_avg_10s.hit_revalidated_int_pct 0
proxy.node.http.transaction_frac_avg_10s.miss_cold_int_pct 0
proxy.node.http.transaction_frac_avg_10s.miss_not_cacheable_int_pct 1120403456
proxy.node.http.transaction_frac_avg_10s.miss_changed_int_pct 0
proxy.node.http.transaction_frac_avg_10s.miss_client_no_cache_int_pct 0
proxy.node.http.transaction_frac_avg_10s.errors.connect_failed_int_pct 0
proxy.node.http.transaction_frac_avg_10s.errors.aborts_int_pct 0
proxy.node.http.transaction_frac_avg_10s.errors.possible_aborts_int_pct 0
proxy.node.http.transaction_frac_avg_10s.errors.pre_accept_hangups_int_pct 0
proxy.node.http.transaction_frac_avg_10s.errors.early_hangups_int_pct 0
proxy.node.http.transaction_frac_avg_10s.errors.empty_hangups_int_pct 0
proxy.node.http.transaction_frac_avg_10s.errors.other_int_pct 0
proxy.node.http.transaction_frac_avg_10s.other.unclassified_int_pct 0
proxy.node.http.transaction_msec_avg_10s.hit_fresh 0
proxy.node.http.transaction_msec_avg_10s.hit_revalidated 0
proxy.node.http.transaction_msec_avg_10s.miss_cold 0
proxy.node.http.transaction_msec_avg_10s.miss_not_cacheable 998
proxy.node.http.transaction_msec_avg_10s.miss_changed 0
proxy.node.http.transaction_msec_avg_10s.miss_client_no_cache 0
proxy.node.http.transaction_msec_avg_10s.errors.connect_failed 0
proxy.node.http.transaction_msec_avg_10s.errors.aborts 0
proxy.node.http.transaction_msec_avg_10s.errors.possible_aborts 0
proxy.node.http.transaction_msec_avg_10s.errors.pre_accept_hangups 0
proxy.node.http.transaction_msec_avg_10s.errors.early_hangups 0
proxy.node.http.transaction_msec_avg_10s.errors.empty_hangups 0
proxy.node.http.transaction_msec_avg_10s.errors.other 0
proxy.node.http.transaction_msec_avg_10s.other.unclassified 0
proxy.node.http.throughput 24076
proxy.node.http.user_agent_xacts_per_second 0.599379
proxy.node.http.user_agent_current_connections_count 5
proxy.node.http.user_agent_total_request_bytes 4661943947
proxy.node.http.user_agent_total_response_bytes 121669848479
proxy.node.http.user_agents_total_transactions_count 1772488
proxy.node.http.user_agents_total_documents_served 1772488
proxy.node.http.origin_server_current_connections_count 6
proxy.node.http.origin_server_total_request_bytes 2460418184
proxy.node.http.origin_server_total_response_bytes 93342040319
proxy.node.http.parent_proxy_total_request_bytes 0
proxy.node.http.parent_proxy_total_response_bytes 0
proxy.node.http.origin_server_total_transactions_count 1743767
proxy.node.http.cache_current_connections_count 0
proxy.node.http.current_parent_proxy_connections 0
proxy.node.cache.contents.num_docs 0
proxy.node.cache.bytes_total 268066816
proxy.node.cache.bytes_total_mb 255
proxy.node.cache.bytes_free 268066816
proxy.node.cache.bytes_free_mb 255
proxy.node.cache.percent_free_int_pct 1120403456
proxy.node.cache_total_hits 0
proxy.node.cache_total_hits_mem 0
proxy.node.cache_total_misses 414310
proxy.node.current_cache_connections 0
proxy.node.dns.lookups_per_second 0.899068
proxy.node.dns.lookup_avg_time_ms 0
proxy.node.dns.total_dns_lookups 4103525
proxy.node.hostdb.total_lookups 1747396
proxy.node.hostdb.total_hits 1522139
proxy.node.cluster.nodes 1
proxy.node.client_throughput_out 0.192608
proxy.node.client_throughput_out_kbit 221276944
proxy.node.current_client_connections 5
proxy.node.current_server_connections 6
proxy.node.user_agent_total_bytes 126331792426
proxy.node.origin_server_total_bytes 95802458503
proxy.node.user_agent_total_bytes_avg_10s 250782.000000
proxy.node.origin_server_total_bytes_avg_10s 250889.000000
proxy.node.user_agent_xacts_per_second 0.599379
proxy.node.user_agents_total_documents_served 1772488
proxy.node.log.event_log_error_ok 0
proxy.node.log.event_log_error_skip 0
proxy.node.log.event_log_error_aggr 0
proxy.node.log.event_log_error_full 0
proxy.node.log.event_log_error_fail 0
proxy.node.log.event_log_access_ok 1746121
proxy.node.log.event_log_access_skip 0
proxy.node.log.event_log_access_aggr 0
proxy.node.log.event_log_access_full 0
proxy.node.log.event_log_access_fail 19
proxy.node.log.num_sent_to_network 0
proxy.node.log.num_lost_before_sent_to_network 0
proxy.node.log.num_received_from_network 0
proxy.node.log.num_flush_to_disk 0
proxy.node.log.num_lost_before_flush_to_disk 0
proxy.node.log.bytes_lost_before_preproc 0
proxy.node.log.bytes_sent_to_network 0
proxy.node.log.bytes_lost_before_sent_to_network 0
proxy.node.log.bytes_sent_to_network_avg_10s 0
proxy.node.log.bytes_received_from_network 0
proxy.node.log.bytes_received_from_network_avg_10s 0
proxy.node.log.bytes_flush_to_disk 0
proxy.node.log.bytes_lost_before_flush_to_disk 0
proxy.node.log.bytes_written_to_disk 0
proxy.node.log.bytes_lost_before_written_to_disk 0
proxy.process.ssl.total_success_handshake_count 0
proxy.cluster.user_agent_total_bytes_avg_10s 1215620992.000000
proxy.cluster.origin_server_total_bytes_avg_10s 1215627776.000000
proxy.cluster.bandwidth_hit_ratio 0.241660
proxy.cluster.bandwidth_hit_ratio_int_pct 0
proxy.cluster.bandwidth_hit_ratio_avg_10s -0.000427
proxy.cluster.http.throughput 0
proxy.cluster.http.user_agent_xacts_per_second 0.599379
proxy.cluster.http.user_agent_current_connections_count 5
proxy.cluster.http.user_agent_total_request_bytes 4661943947
proxy.cluster.http.user_agent_total_response_bytes 121669848479
proxy.cluster.http.user_agents_total_transactions_count 1772488
proxy.cluster.http.user_agents_total_documents_served 1772488
proxy.cluster.http.origin_server_current_connections_count 6
proxy.cluster.http.origin_server_total_request_bytes 2460418184
proxy.cluster.http.origin_server_total_response_bytes 93342040319
proxy.cluster.http.origin_server_total_transactions_count 1743767
proxy.cluster.http.cache_current_connections_count 0
proxy.cluster.http.current_parent_proxy_connections 0
proxy.cluster.http.parent_proxy_total_request_bytes 0
proxy.cluster.http.parent_proxy_total_response_bytes 0
proxy.cluster.cache.contents.num_docs 0
proxy.cluster.cache.bytes_free 0
proxy.cluster.cache.bytes_free_mb 0
proxy.cluster.cache.percent_free 1.000000
proxy.cluster.cache.percent_free_int_pct 100
proxy.cluster.cache_hit_ratio 0.000000
proxy.cluster.cache_hit_ratio_int_pct 0
proxy.cluster.cache_hit_mem_ratio 0.000000
proxy.cluster.cache_hit_mem_ratio_int_pct 0
proxy.cluster.cache_total_hits 0
proxy.cluster.cache_total_hits_mem 0
proxy.cluster.cache_total_misses 414310
proxy.cluster.current_cache_connections 0
proxy.cluster.cache_total_hits_avg_10s 0.000000
proxy.cluster.cache_total_hits_mem_avg_10s 0.000000
proxy.cluster.cache_total_misses_avg_10s 0.000000
proxy.cluster.cache_hit_ratio_avg_10s 0.000000
proxy.cluster.cache_hit_mem_ratio_avg_10s 0.000000
proxy.cluster.dns.lookups_per_second 0.899068
proxy.cluster.dns.total_dns_lookups 4103525
proxy.cluster.hostdb.hit_ratio 0.000000
proxy.cluster.hostdb.hit_ratio_int_pct 0
proxy.cluster.hostdb.total_lookups_avg_10s 5
proxy.cluster.hostdb.total_hits_avg_10s 3
proxy.cluster.hostdb.hit_ratio_avg_10s 0.600000
proxy.cluster.user_agent_xacts_per_second 0.599379
proxy.cluster.client_throughput_out 0.192608
proxy.cluster.client_throughput_out_kbit 0
proxy.cluster.current_client_connections 5
proxy.cluster.current_server_connections 6
proxy.cluster.log.event_log_error_ok 0
proxy.cluster.log.event_log_error_skip 0
proxy.cluster.log.event_log_error_aggr 0
proxy.cluster.log.event_log_error_full 0
proxy.cluster.log.event_log_error_fail 0
proxy.cluster.log.event_log_access_ok 1746121
proxy.cluster.log.event_log_access_skip 0
proxy.cluster.log.event_log_access_aggr 0
proxy.cluster.log.event_log_access_full 0
proxy.cluster.log.event_log_access_fail 19
proxy.cluster.log.num_sent_to_network 0
proxy.cluster.log.num_lost_before_sent_to_network 0
proxy.cluster.log.num_received_from_network 0
proxy.cluster.log.num_flush_to_disk 0
proxy.cluster.log.num_lost_before_flush_to_disk 0
proxy.cluster.log.bytes_lost_before_preproc 0
proxy.cluster.log.bytes_sent_to_network 0
proxy.cluster.log.bytes_lost_before_sent_to_network 0
proxy.cluster.log.bytes_sent_to_network_avg_10s 0
proxy.cluster.log.bytes_received_from_network 0
proxy.cluster.log.bytes_received_from_network_avg_10s 0
proxy.cluster.log.bytes_flush_to_disk 0
proxy.cluster.log.bytes_lost_before_flush_to_disk 0
proxy.cluster.log.bytes_written_to_disk 0
proxy.cluster.log.bytes_lost_before_written_to_disk 0
proxy.local.http.parent_proxy.disable_connect_tunneling 0
proxy.config.spdy.max_concurrent_streams_in 100
proxy.config.spdy.no_activity_timeout_in 115
proxy.config.spdy.initial_window_size_in 1048576
proxy.config.spdy.accept_no_activity_timeout 120
proxy.config.http2.stream_priority_enabled 0
proxy.config.http2.max_concurrent_streams_in 100
proxy.config.http2.min_concurrent_streams_in 10
proxy.config.http2.max_active_streams_in 0
proxy.config.http2.initial_window_size_in 1048576
proxy.config.http2.max_frame_size 16384
proxy.config.http2.header_table_size 4096
proxy.config.http2.max_header_list_size 4294967295
proxy.config.http2.accept_no_activity_timeout 120
proxy.config.http2.no_activity_timeout_in 115
proxy.config.http2.active_timeout_in 0
proxy.local.incoming_ip_to_bind NULL
proxy.local.outgoing_ip_to_bind NULL
proxy.local.log.collation_mode 0
proxy.config.stat_api.max_stats_allowed 256
proxy.config.allocator.thread_freelist_size 512
proxy.config.allocator.thread_freelist_low_watermark 32
proxy.config.allocator.hugepages 0
proxy.config.remap.num_remap_threads 0
proxy.config.cache.http.compatibility.4-2-0-fixup 1
proxy.node.config.reconfigure_time 1473745555
proxy.node.config.reconfigure_required 0
proxy.node.config.restart_required.proxy 0
proxy.node.config.restart_required.manager 0
proxy.node.config.restart_required.cop 0
proxy.process.version.server.short 6.2.0
proxy.process.version.server.long Apache Traffic Server - traffic_server - 6.2.0 - (build # 090722 on Sep  7 2016 at 22:23:10)
proxy.process.version.server.build_number 090722
proxy.process.version.server.build_time 22:23:10
proxy.process.version.server.build_date Sep  7 2016
proxy.process.version.server.build_machine portos.sr.se
proxy.process.version.server.build_person root
proxy.process.http.background_fill_current_count 0
proxy.process.http.current_client_connections 5
proxy.process.http.current_active_client_connections 3
proxy.process.http.websocket.current_active_client_connections 0
proxy.process.http.current_client_transactions 3
proxy.process.http.current_server_transactions 0
proxy.process.http.current_parent_proxy_connections 0
proxy.process.http.current_server_connections 6
proxy.process.http.current_cache_connections 0
proxy.process.net.connections_currently_open 14
proxy.process.net.accepts_currently_open 3
proxy.process.socks.connections_currently_open 0
proxy.process.net.dynamic_keep_alive_timeout_in_total 0
proxy.process.net.dynamic_keep_alive_timeout_in_count 0
proxy.process.net.default_inactivity_timeout_applied 5
proxy.process.cache.bytes_used 0
proxy.process.cache.bytes_total 268066816
proxy.process.cache.ram_cache.total_bytes 0
proxy.process.cache.ram_cache.bytes_used 0
proxy.process.cache.ram_cache.hits 0
proxy.process.cache.ram_cache.misses 0
proxy.process.cache.pread_count 0
proxy.process.cache.percent_full 0
proxy.process.cache.lookup.active 0
proxy.process.cache.lookup.success 0
proxy.process.cache.lookup.failure 0
proxy.process.cache.read.active 0
proxy.process.cache.read.success 0
proxy.process.cache.read.failure 0
proxy.process.cache.write.active 0
proxy.process.cache.write.success 0
proxy.process.cache.write.failure 0
proxy.process.cache.write.backlog.failure 0
proxy.process.cache.update.active 0
proxy.process.cache.update.success 0
proxy.process.cache.update.failure 0
proxy.process.cache.remove.active 0
proxy.process.cache.remove.success 0
proxy.process.cache.remove.failure 0
proxy.process.cache.evacuate.active 0
proxy.process.cache.evacuate.success 0
proxy.process.cache.evacuate.failure 0
proxy.process.cache.scan.active 0
proxy.process.cache.scan.success 0
proxy.process.cache.scan.failure 0
proxy.process.cache.direntries.total 33464
proxy.process.cache.direntries.used 0
proxy.process.cache.directory_collision 0
proxy.process.cache.frags_per_doc.1 0
proxy.process.cache.frags_per_doc.2 0
proxy.process.cache.frags_per_doc.3+ 0
proxy.process.cache.read_busy.success 0
proxy.process.cache.read_busy.failure 0
proxy.process.cache.write_bytes_stat 0
proxy.process.cache.vector_marshals 0
proxy.process.cache.hdr_marshals 0
proxy.process.cache.hdr_marshal_bytes 0
proxy.process.cache.gc_bytes_evacuated 0
proxy.process.cache.gc_frags_evacuated 0
proxy.process.cache.wrap_count 0
proxy.process.cache.sync.count 0
proxy.process.cache.sync.bytes 0
proxy.process.cache.sync.time 0
proxy.process.dns.success_avg_time 0
proxy.process.dns.in_flight 0
proxy.process.congestion.congested_on_conn_failures 0
proxy.process.congestion.congested_on_max_connection 0
proxy.process.http2.current_client_sessions 0
proxy.process.http2.current_client_streams 0
proxy.process.cluster.connections_open 0
proxy.process.cluster.connections_opened 0
proxy.process.cluster.connections_closed 0
proxy.process.cluster.slow_ctrl_msgs_sent 0
proxy.process.cluster.connections_read_locked 0
proxy.process.cluster.connections_write_locked 0
proxy.process.cluster.reads 0
proxy.process.cluster.read_bytes 0
proxy.process.cluster.writes 0
proxy.process.cluster.write_bytes 0
proxy.process.cluster.control_messages_sent 0
proxy.process.cluster.control_messages_received 0
proxy.process.cluster.op_delayed_for_lock 0
proxy.process.cluster.connections_bumped 0
proxy.process.cluster.net_backup 0
proxy.process.cluster.nodes 1
proxy.process.cluster.machines_allocated 1
proxy.process.cluster.machines_freed 0
proxy.process.cluster.configuration_changes 0
proxy.process.cluster.delayed_reads 0
proxy.process.cluster.byte_bank_used 0
proxy.process.cluster.alloc_data_news 0
proxy.process.cluster.write_bb_mallocs 0
proxy.process.cluster.partial_reads 0
proxy.process.cluster.partial_writes 0
proxy.process.cluster.cache_outstanding 0
proxy.process.cluster.remote_op_timeouts 0
proxy.process.cluster.remote_op_reply_timeouts 0
proxy.process.cluster.chan_inuse 0
proxy.process.cluster.open_delays 0
proxy.process.cluster.connections_avg_time 0.000000
proxy.process.cluster.control_messages_avg_send_time 0.000000
proxy.process.cluster.control_messages_avg_receive_time 0.000000
proxy.process.cluster.open_delay_time 0.000000
proxy.process.cluster.cache_callback_time 0.000000
proxy.process.cluster.rmt_cache_callback_time 0.000000
proxy.process.cluster.lkrmt_cache_callback_time 0.000000
proxy.process.cluster.local_connection_time 0.000000
proxy.process.cluster.remote_connection_time 0.000000
proxy.process.cluster.rdmsg_assemble_time 0.000000
proxy.process.cluster.cluster_ping_time 0.000000
proxy.process.cluster.cache_callbacks 0
proxy.process.cluster.rmt_cache_callbacks 0
proxy.process.cluster.lkrmt_cache_callbacks 0
proxy.process.cluster.local_connections_closed 0
proxy.process.cluster.remote_connections_closed 0
proxy.process.cluster.setdata_no_clustervc 0
proxy.process.cluster.setdata_no_tunnel 0
proxy.process.cluster.setdata_no_cachevc 0
proxy.process.cluster.setdata_no_cluster 0
proxy.process.cluster.vc_write_stall 0
proxy.process.cluster.no_remote_space 0
proxy.process.cluster.level1_bank 0
proxy.process.cluster.multilevel_bank 0
proxy.process.cluster.vc_cache_insert_lock_misses 0
proxy.process.cluster.vc_cache_inserts 0
proxy.process.cluster.vc_cache_lookup_lock_misses 0
proxy.process.cluster.vc_cache_lookup_hits 0
proxy.process.cluster.vc_cache_lookup_misses 0
proxy.process.cluster.vc_cache_scans 3072
proxy.process.cluster.vc_cache_scan_lock_misses 0
proxy.process.cluster.vc_cache_purges 0
proxy.process.cluster.write_lock_misses 0
proxy.process.cluster.vc_read_list_len 0
proxy.process.cluster.vc_write_list_len 0
proxy.process.log.log_files_open 2
proxy.process.log.log_files_space_used 77491160244
proxy.process.ssl.user_agent_sessions 0
proxy.process.ssl.user_agent_session_hit 0
proxy.process.ssl.user_agent_session_miss 0
proxy.process.ssl.user_agent_session_timeout 0
proxy.process.ssl.cipher.user_agent.ECDHE-RSA-AES256-GCM-SHA384 0
proxy.process.ssl.cipher.user_agent.ECDHE-ECDSA-AES256-GCM-SHA384 0
proxy.process.ssl.cipher.user_agent.ECDHE-RSA-AES256-SHA384 0
proxy.process.ssl.cipher.user_agent.ECDHE-ECDSA-AES256-SHA384 0
proxy.process.ssl.cipher.user_agent.ECDHE-RSA-AES256-SHA 0
proxy.process.ssl.cipher.user_agent.ECDHE-ECDSA-AES256-SHA 0
proxy.process.ssl.cipher.user_agent.SRP-DSS-AES-256-CBC-SHA 0
proxy.process.ssl.cipher.user_agent.SRP-RSA-AES-256-CBC-SHA 0
proxy.process.ssl.cipher.user_agent.SRP-AES-256-CBC-SHA 0
proxy.process.ssl.cipher.user_agent.DHE-DSS-AES256-GCM-SHA384 0
proxy.process.ssl.cipher.user_agent.DHE-RSA-AES256-GCM-SHA384 0
proxy.process.ssl.cipher.user_agent.DHE-RSA-AES256-SHA256 0
proxy.process.ssl.cipher.user_agent.DHE-DSS-AES256-SHA256 0
proxy.process.ssl.cipher.user_agent.DHE-RSA-AES256-SHA 0
proxy.process.ssl.cipher.user_agent.DHE-DSS-AES256-SHA 0
proxy.process.ssl.cipher.user_agent.DHE-RSA-CAMELLIA256-SHA 0
proxy.process.ssl.cipher.user_agent.DHE-DSS-CAMELLIA256-SHA 0
proxy.process.ssl.cipher.user_agent.ECDH-RSA-AES256-GCM-SHA384 0
proxy.process.ssl.cipher.user_agent.ECDH-ECDSA-AES256-GCM-SHA384 0
proxy.process.ssl.cipher.user_agent.ECDH-RSA-AES256-SHA384 0
proxy.process.ssl.cipher.user_agent.ECDH-ECDSA-AES256-SHA384 0
proxy.process.ssl.cipher.user_agent.ECDH-RSA-AES256-SHA 0
proxy.process.ssl.cipher.user_agent.ECDH-ECDSA-AES256-SHA 0
proxy.process.ssl.cipher.user_agent.AES256-GCM-SHA384 0
proxy.process.ssl.cipher.user_agent.AES256-SHA256 0
proxy.process.ssl.cipher.user_agent.AES256-SHA 0
proxy.process.ssl.cipher.user_agent.CAMELLIA256-SHA 0
proxy.process.ssl.cipher.user_agent.PSK-AES256-CBC-SHA 0
proxy.process.ssl.cipher.user_agent.ECDHE-RSA-AES128-GCM-SHA256 0
proxy.process.ssl.cipher.user_agent.ECDHE-ECDSA-AES128-GCM-SHA256 0
proxy.process.ssl.cipher.user_agent.ECDHE-RSA-AES128-SHA256 0
proxy.process.ssl.cipher.user_agent.ECDHE-ECDSA-AES128-SHA256 0
proxy.process.ssl.cipher.user_agent.ECDHE-RSA-AES128-SHA 0
proxy.process.ssl.cipher.user_agent.ECDHE-ECDSA-AES128-SHA 0
proxy.process.ssl.cipher.user_agent.SRP-DSS-AES-128-CBC-SHA 0
proxy.process.ssl.cipher.user_agent.SRP-RSA-AES-128-CBC-SHA 0
proxy.process.ssl.cipher.user_agent.SRP-AES-128-CBC-SHA 0
proxy.process.ssl.cipher.user_agent.DHE-DSS-AES128-GCM-SHA256 0
proxy.process.ssl.cipher.user_agent.DHE-RSA-AES128-GCM-SHA256 0
proxy.process.ssl.cipher.user_agent.DHE-RSA-AES128-SHA256 0
proxy.process.ssl.cipher.user_agent.DHE-DSS-AES128-SHA256 0
proxy.process.ssl.cipher.user_agent.DHE-RSA-AES128-SHA 0
proxy.process.ssl.cipher.user_agent.DHE-DSS-AES128-SHA 0
proxy.process.ssl.cipher.user_agent.DHE-RSA-SEED-SHA 0
proxy.process.ssl.cipher.user_agent.DHE-DSS-SEED-SHA 0
proxy.process.ssl.cipher.user_agent.DHE-RSA-CAMELLIA128-SHA 0
proxy.process.ssl.cipher.user_agent.DHE-DSS-CAMELLIA128-SHA 0
proxy.process.ssl.cipher.user_agent.ECDH-RSA-AES128-GCM-SHA256 0
proxy.process.ssl.cipher.user_agent.ECDH-ECDSA-AES128-GCM-SHA256 0
proxy.process.ssl.cipher.user_agent.ECDH-RSA-AES128-SHA256 0
proxy.process.ssl.cipher.user_agent.ECDH-ECDSA-AES128-SHA256 0
proxy.process.ssl.cipher.user_agent.ECDH-RSA-AES128-SHA 0
proxy.process.ssl.cipher.user_agent.ECDH-ECDSA-AES128-SHA 0
proxy.process.ssl.cipher.user_agent.AES128-GCM-SHA256 0
proxy.process.ssl.cipher.user_agent.AES128-SHA256 0
proxy.process.ssl.cipher.user_agent.AES128-SHA 0
proxy.process.ssl.cipher.user_agent.SEED-SHA 0
proxy.process.ssl.cipher.user_agent.CAMELLIA128-SHA 0
proxy.process.ssl.cipher.user_agent.IDEA-CBC-SHA 0
proxy.process.ssl.cipher.user_agent.PSK-AES128-CBC-SHA 0
proxy.process.ssl.cipher.user_agent.ECDHE-RSA-RC4-SHA 0
proxy.process.ssl.cipher.user_agent.ECDHE-ECDSA-RC4-SHA 0
proxy.process.ssl.cipher.user_agent.ECDH-RSA-RC4-SHA 0
proxy.process.ssl.cipher.user_agent.ECDH-ECDSA-RC4-SHA 0
proxy.process.ssl.cipher.user_agent.RC4-SHA 0
proxy.process.ssl.cipher.user_agent.RC4-MD5 0
proxy.process.ssl.cipher.user_agent.PSK-RC4-SHA 0
proxy.process.ssl.cipher.user_agent.ECDHE-RSA-DES-CBC3-SHA 0
proxy.process.ssl.cipher.user_agent.ECDHE-ECDSA-DES-CBC3-SHA 0
proxy.process.ssl.cipher.user_agent.SRP-DSS-3DES-EDE-CBC-SHA 0
proxy.process.ssl.cipher.user_agent.SRP-RSA-3DES-EDE-CBC-SHA 0
proxy.process.ssl.cipher.user_agent.SRP-3DES-EDE-CBC-SHA 0
proxy.process.ssl.cipher.user_agent.EDH-RSA-DES-CBC3-SHA 0
proxy.process.ssl.cipher.user_agent.EDH-DSS-DES-CBC3-SHA 0
proxy.process.ssl.cipher.user_agent.ECDH-RSA-DES-CBC3-SHA 0
proxy.process.ssl.cipher.user_agent.ECDH-ECDSA-DES-CBC3-SHA 0
proxy.process.ssl.cipher.user_agent.DES-CBC3-SHA 0
proxy.process.ssl.cipher.user_agent.PSK-3DES-EDE-CBC-SHA 0
proxy.process.cache.volume_0.bytes_used 0
proxy.process.cache.volume_0.bytes_total 268066816
proxy.process.cache.volume_0.ram_cache.total_bytes 0
proxy.process.cache.volume_0.ram_cache.bytes_used 0
proxy.process.cache.volume_0.ram_cache.hits 0
proxy.process.cache.volume_0.ram_cache.misses 0
proxy.process.cache.volume_0.pread_count 0
proxy.process.cache.volume_0.percent_full 0
proxy.process.cache.volume_0.lookup.active 0
proxy.process.cache.volume_0.lookup.success 0
proxy.process.cache.volume_0.lookup.failure 0
proxy.process.cache.volume_0.read.active 0
proxy.process.cache.volume_0.read.success 0
proxy.process.cache.volume_0.read.failure 0
proxy.process.cache.volume_0.write.active 0
proxy.process.cache.volume_0.write.success 0
proxy.process.cache.volume_0.write.failure 0
proxy.process.cache.volume_0.write.backlog.failure 0
proxy.process.cache.volume_0.update.active 0
proxy.process.cache.volume_0.update.success 0
proxy.process.cache.volume_0.update.failure 0
proxy.process.cache.volume_0.remove.active 0
proxy.process.cache.volume_0.remove.success 0
proxy.process.cache.volume_0.remove.failure 0
proxy.process.cache.volume_0.evacuate.active 0
proxy.process.cache.volume_0.evacuate.success 0
proxy.process.cache.volume_0.evacuate.failure 0
proxy.process.cache.volume_0.scan.active 0
proxy.process.cache.volume_0.scan.success 0
proxy.process.cache.volume_0.scan.failure 0
proxy.process.cache.volume_0.direntries.total 33464
proxy.process.cache.volume_0.direntries.used 0
proxy.process.cache.volume_0.directory_collision 0
proxy.process.cache.volume_0.frags_per_doc.1 0
proxy.process.cache.volume_0.frags_per_doc.2 0
proxy.process.cache.volume_0.frags_per_doc.3+ 0
proxy.process.cache.volume_0.read_busy.success 0
proxy.process.cache.volume_0.read_busy.failure 0
proxy.process.cache.volume_0.write_bytes_stat 0
proxy.process.cache.volume_0.vector_marshals 0
proxy.process.cache.volume_0.hdr_marshals 0
proxy.process.cache.volume_0.hdr_marshal_bytes 0
proxy.process.cache.volume_0.gc_bytes_evacuated 0
proxy.process.cache.volume_0.gc_frags_evacuated 0
proxy.process.cache.volume_0.wrap_count 0
proxy.process.cache.volume_0.sync.count 0
proxy.process.cache.volume_0.sync.bytes 0
proxy.process.cache.volume_0.sync.time 0
